[debug] [2022-04-30T07:14:36.929Z] ----------------------------------------------------------------------
[debug] [2022-04-30T07:14:36.930Z] Command:       /usr/local/bin/node /usr/local/bin/firebase emulators:start
[debug] [2022-04-30T07:14:36.931Z] CLI Version:   10.7.1
[debug] [2022-04-30T07:14:36.931Z] Platform:      darwin
[debug] [2022-04-30T07:14:36.931Z] Node Version:  v16.14.2
[debug] [2022-04-30T07:14:36.932Z] Time:          Sat Apr 30 2022 03:14:36 GMT-0400 (Eastern Daylight Time)
[debug] [2022-04-30T07:14:36.932Z] ----------------------------------------------------------------------
[debug] 
[debug] [2022-04-30T07:14:36.973Z] Field ".emulators.hosting.port" in "firebase.json" is possibly invalid: should be number
[debug] [2022-04-30T07:14:36.976Z] > command requires scopes: ["email","openid","https://www.googleapis.com/auth/cloudplatformprojects.readonly","https://www.googleapis.com/auth/firebase","https://www.googleapis.com/auth/cloud-platform"]
[debug] [2022-04-30T07:14:36.976Z] > authorizing via signed-in user (saranpathuri@gmail.com)
[info] i  emulators: Starting emulators: functions, hosting {"metadata":{"emulator":{"name":"hub"},"message":"Starting emulators: functions, hosting"}}
[warn] ⚠  emulators: It seems that you are running multiple instances of the emulator suite for project sams-grocery-3aa2f. This may result in unexpected behavior. 
[debug] [2022-04-30T07:14:36.995Z] [hub] writing locator at /var/folders/jg/s0wxwxgs63n7dt1mp7b8rwmm0000gn/T/hub-sams-grocery-3aa2f.json
[warn] ⚠  functions: The following emulators are not running, calls to these services from the Functions emulator will affect production: auth, firestore, database, pubsub, storage {"metadata":{"emulator":{"name":"functions"},"message":"The following emulators are not running, calls to these services from the Functions emulator will affect production: \u001b[1mauth, firestore, database, pubsub, storage\u001b[22m"}}
[info] ✔  functions: Using node@16 from host. {"metadata":{"emulator":{"name":"functions"},"message":"Using node@16 from host."}}
[debug] [2022-04-30T07:14:37.010Z] defaultcredentials: writing to file /Users/saisaranpathuri/.config/firebase/saranpathuri_gmail_com_application_default_credentials.json
[debug] [2022-04-30T07:14:37.011Z] Setting GAC to /Users/saisaranpathuri/.config/firebase/saranpathuri_gmail_com_application_default_credentials.json {"metadata":{"emulator":{"name":"functions"},"message":"Setting GAC to /Users/saisaranpathuri/.config/firebase/saranpathuri_gmail_com_application_default_credentials.json"}}
[debug] [2022-04-30T07:14:37.012Z] > refreshing access token with scopes: []
[debug] [2022-04-30T07:14:37.013Z] >>> HTTP REQUEST POST https://www.googleapis.com/oauth2/v3/token  
 <request body omitted>
[debug] [2022-04-30T07:14:37.153Z] <<< HTTP RESPONSE 200 {"pragma":"no-cache","date":"Sat, 30 Apr 2022 07:14:37 GMT","expires":"Mon, 01 Jan 1990 00:00:00 GMT","cache-control":"no-cache, no-store, max-age=0, must-revalidate","content-type":"application/json; charset=utf-8","vary":"X-Origin, Referer, Origin,Accept-Encoding","server":"scaffolding on HTTPServer2","x-xss-protection":"0","x-frame-options":"SAMEORIGIN","x-content-type-options":"nosniff","alt-svc":"h3=\":443\"; ma=2592000,h3-29=\":443\"; ma=2592000,h3-Q050=\":443\"; ma=2592000,h3-Q046=\":443\"; ma=2592000,h3-Q043=\":443\"; ma=2592000,quic=\":443\"; ma=2592000; v=\"46,43\"","accept-ranges":"none","transfer-encoding":"chunked"}
[debug] [2022-04-30T07:14:37.197Z] >>> [apiv2][query] GET https://firebase.googleapis.com/v1beta1/projects/sams-grocery-3aa2f/adminSdkConfig [none]
[debug] [2022-04-30T07:14:37.468Z] <<< [apiv2][status] GET https://firebase.googleapis.com/v1beta1/projects/sams-grocery-3aa2f/adminSdkConfig 200
[debug] [2022-04-30T07:14:37.468Z] <<< [apiv2][body] GET https://firebase.googleapis.com/v1beta1/projects/sams-grocery-3aa2f/adminSdkConfig {"projectId":"sams-grocery-3aa2f","storageBucket":"sams-grocery-3aa2f.appspot.com","locationId":"us-central"}
[debug] [2022-04-30T07:14:37.502Z] >>> [apiv2][query] GET https://firebasehosting.googleapis.com/v1beta1/projects/sams-grocery-3aa2f/sites 
[debug] [2022-04-30T07:14:38.072Z] <<< [apiv2][status] GET https://firebasehosting.googleapis.com/v1beta1/projects/sams-grocery-3aa2f/sites 200
[debug] [2022-04-30T07:14:38.072Z] <<< [apiv2][body] GET https://firebasehosting.googleapis.com/v1beta1/projects/sams-grocery-3aa2f/sites {"sites":[{"name":"projects/sams-grocery-3aa2f/sites/sams-grocery-3aa2f","defaultUrl":"https://sams-grocery-3aa2f.web.app","type":"DEFAULT_SITE"}]}
[debug] [2022-04-30T07:14:38.072Z] >>> [apiv2][query] GET https://firebase.googleapis.com/v1beta1/projects/sams-grocery-3aa2f/webApps/-/config [none]
[debug] [2022-04-30T07:14:38.654Z] <<< [apiv2][status] GET https://firebase.googleapis.com/v1beta1/projects/sams-grocery-3aa2f/webApps/-/config 200
[debug] [2022-04-30T07:14:38.654Z] <<< [apiv2][body] GET https://firebase.googleapis.com/v1beta1/projects/sams-grocery-3aa2f/webApps/-/config {"projectId":"sams-grocery-3aa2f","appId":"1:725312851637:web:398044d729addc1eee38fc","storageBucket":"sams-grocery-3aa2f.appspot.com","locationId":"us-central","apiKey":"AIzaSyBT6FbNlzZhmq1Rg_cO3HxtlO3D-26azXE","authDomain":"sams-grocery-3aa2f.firebaseapp.com","messagingSenderId":"725312851637","measurementId":"G-R788VXHJ77"}
[info] i  hosting: Serving hosting files from: build {"metadata":{"emulator":{"name":"hosting"},"message":"Serving hosting files from: \u001b[1mbuild\u001b[22m"}}
[info] ✔  hosting: Local server: http://0.0.0.0:8080 {"metadata":{"emulator":{"name":"hosting"},"message":"Local server: \u001b[4m\u001b[1mhttp://0.0.0.0:8080\u001b[22m\u001b[24m"}}
[debug] [2022-04-30T07:14:38.773Z] Ignoring unsupported arg: auto_download {"metadata":{"emulator":{"name":"ui"},"message":"Ignoring unsupported arg: auto_download"}}
[debug] [2022-04-30T07:14:38.773Z] Ignoring unsupported arg: port {"metadata":{"emulator":{"name":"ui"},"message":"Ignoring unsupported arg: port"}}
[debug] [2022-04-30T07:14:38.773Z] Starting Emulator UI with command {"binary":"node","args":["/Users/saisaranpathuri/.cache/firebase/emulators/ui-v1.6.5/server.bundle.js"],"optionalArgs":[],"joinArgs":false} {"metadata":{"emulator":{"name":"ui"},"message":"Starting Emulator UI with command {\"binary\":\"node\",\"args\":[\"/Users/saisaranpathuri/.cache/firebase/emulators/ui-v1.6.5/server.bundle.js\"],\"optionalArgs\":[],\"joinArgs\":false}"}}
[info] i  ui: Emulator UI logging to ui-debug.log {"metadata":{"emulator":{"name":"ui"},"message":"Emulator UI logging to \u001b[1mui-debug.log\u001b[22m"}}
[debug] [2022-04-30T07:14:38.868Z] Web / API server started at localhost:4000
 {"metadata":{"emulator":{"name":"ui"},"message":"Web / API server started at localhost:4000\n"}}
[info] i  functions: Watching "/Users/saisaranpathuri/INFO6150/SAMS-grocery/sams/functions" for Cloud Functions... {"metadata":{"emulator":{"name":"functions"},"message":"Watching \"/Users/saisaranpathuri/INFO6150/SAMS-grocery/sams/functions\" for Cloud Functions..."}}
[debug] [2022-04-30T07:14:39.040Z] Validating nodejs source
[debug] [2022-04-30T07:14:40.410Z] > [functions] package.json contents: {
  "name": "functions",
  "description": "Cloud Functions for Firebase",
  "scripts": {
    "lint": "eslint",
    "serve": "firebase emulators:start --only functions",
    "shell": "firebase functions:shell",
    "start": "npm run shell",
    "deploy": "firebase deploy --only functions",
    "logs": "firebase functions:log"
  },
  "engines": {
    "node": "16"
  },
  "main": "index.js",
  "dependencies": {
    "express": "^4.18.1",
    "firebase": "^9.7.0",
    "firebase-admin": "^10.0.2",
    "firebase-functions": "^3.18.0",
    "firebase-tools": "^10.7.2",
    "stripe": "^8.219.0"
  },
  "devDependencies": {
    "eslint": "^8.9.0",
    "eslint-config-google": "^0.14.0",
    "firebase-functions-test": "^0.2.0"
  },
  "private": true
}
[debug] [2022-04-30T07:14:40.411Z] Building nodejs source
[debug] [2022-04-30T07:14:40.411Z] Analyzing nodejs backend spec
[info] ✔  functions[us-central1-api]: http function initialized (http://localhost:5001/sams-grocery-3aa2f/us-central1/api). {"metadata":{"emulator":{"name":"functions"},"message":"\u001b[1mhttp\u001b[22m function initialized (http://localhost:5001/sams-grocery-3aa2f/us-central1/api)."}}
[info] 
┌─────────────────────────────────────────────────────────────┐
│ ✔  All emulators ready! It is now safe to connect your app. │
│ i  View Emulator UI at http://localhost:4000                │
└─────────────────────────────────────────────────────────────┘

┌───────────┬────────────────┬─────────────────────────────────┐
│ Emulator  │ Host:Port      │ View in Emulator UI             │
├───────────┼────────────────┼─────────────────────────────────┤
│ Functions │ localhost:5001 │ http://localhost:4000/functions │
├───────────┼────────────────┼─────────────────────────────────┤
│ Hosting   │ 0.0.0.0:8080   │ n/a                             │
└───────────┴────────────────┴─────────────────────────────────┘
  Emulator Hub running at localhost:4400
  Other reserved ports: 4500

Issues? Report them at https://github.com/firebase/firebase-tools/issues and attach the *-debug.log files.
 
[debug] [2022-04-30T07:15:52.180Z] [work-queue] {"queueLength":1,"workRunningCount":0}
[debug] [2022-04-30T07:15:52.181Z] [work-queue] {"queueLength":0,"workRunningCount":1}
[debug] [2022-04-30T07:15:52.182Z] Accepted request POST /sams-grocery-3aa2f/us-central1/api/payments/create?total=22654 --> us-central1-api
[debug] [2022-04-30T07:15:52.198Z] [worker-pool] addWorker(us-central1-api) {"metadata":{"emulator":{"name":"functions"},"message":"[worker-pool] addWorker(us-central1-api)"}}
[debug] [2022-04-30T07:15:52.199Z] [worker-pool] Adding worker with key us-central1-api, total=1 {"metadata":{"emulator":{"name":"functions"},"message":"[worker-pool] Adding worker with key us-central1-api, total=1"}}
[debug] [2022-04-30T07:15:52.199Z] [worker-pool] submitWork(triggerId=us-central1-api) {"metadata":{"emulator":{"name":"functions"},"message":"[worker-pool] submitWork(triggerId=us-central1-api)"}}
[debug] [2022-04-30T07:15:52.199Z] [worker-us-central1-api-e9f7444b-6fd9-4673-bd2c-e902c2bc7b39]: Assigning socketPath: /var/folders/jg/s0wxwxgs63n7dt1mp7b8rwmm0000gn/T/fire_emu_27537.sock {"metadata":{"emulator":{"name":"functions"},"message":"[worker-us-central1-api-e9f7444b-6fd9-4673-bd2c-e902c2bc7b39]: Assigning socketPath: /var/folders/jg/s0wxwxgs63n7dt1mp7b8rwmm0000gn/T/fire_emu_27537.sock"}}
[debug] [2022-04-30T07:15:52.199Z] [worker-us-central1-api-e9f7444b-6fd9-4673-bd2c-e902c2bc7b39]: BUSY {"metadata":{"emulator":{"name":"functions"},"message":"[worker-us-central1-api-e9f7444b-6fd9-4673-bd2c-e902c2bc7b39]: BUSY"}}
[debug] [2022-04-30T07:15:53.080Z] [runtime-status] [27537] Functions runtime initialized. {"cwd":"/Users/saisaranpathuri/INFO6150/SAMS-grocery/sams/functions","node_version":"16.14.2"} {"metadata":{"emulator":{"name":"functions"},"function":{"name":"us-central1-api"},"extension":{},"message":"[runtime-status] [27537] Functions runtime initialized. {\"cwd\":\"/Users/saisaranpathuri/INFO6150/SAMS-grocery/sams/functions\",\"node_version\":\"16.14.2\"}"}}
[debug] [2022-04-30T07:15:53.080Z] [runtime-status] [27537] Disabled runtime features: undefined {"metadata":{"emulator":{"name":"functions"},"function":{"name":"us-central1-api"},"extension":{},"message":"[runtime-status] [27537] Disabled runtime features: undefined"}}
[debug] [2022-04-30T07:15:53.082Z] [runtime-status] [27537] Resolved module firebase-admin {"declared":true,"installed":true,"version":"10.1.0","resolution":"/Users/saisaranpathuri/INFO6150/SAMS-grocery/sams/functions/node_modules/firebase-admin/lib/index.js"} {"metadata":{"emulator":{"name":"functions"},"function":{"name":"us-central1-api"},"extension":{},"message":"[runtime-status] [27537] Resolved module firebase-admin {\"declared\":true,\"installed\":true,\"version\":\"10.1.0\",\"resolution\":\"/Users/saisaranpathuri/INFO6150/SAMS-grocery/sams/functions/node_modules/firebase-admin/lib/index.js\"}"}}
[debug] [2022-04-30T07:15:53.083Z] [runtime-status] [27537] Resolved module firebase-functions {"declared":true,"installed":true,"version":"3.20.1","resolution":"/Users/saisaranpathuri/INFO6150/SAMS-grocery/sams/functions/node_modules/firebase-functions/lib/index.js"} {"metadata":{"emulator":{"name":"functions"},"function":{"name":"us-central1-api"},"extension":{},"message":"[runtime-status] [27537] Resolved module firebase-functions {\"declared\":true,\"installed\":true,\"version\":\"3.20.1\",\"resolution\":\"/Users/saisaranpathuri/INFO6150/SAMS-grocery/sams/functions/node_modules/firebase-functions/lib/index.js\"}"}}
[debug] [2022-04-30T07:15:53.083Z] [runtime-status] [27537] Outgoing network have been stubbed. [{"name":"http","status":"mocked"},{"name":"http","status":"mocked"},{"name":"https","status":"mocked"},{"name":"https","status":"mocked"},{"name":"net","status":"mocked"}] {"metadata":{"emulator":{"name":"functions"},"function":{"name":"us-central1-api"},"extension":{},"message":"[runtime-status] [27537] Outgoing network have been stubbed. [{\"name\":\"http\",\"status\":\"mocked\"},{\"name\":\"http\",\"status\":\"mocked\"},{\"name\":\"https\",\"status\":\"mocked\"},{\"name\":\"https\",\"status\":\"mocked\"},{\"name\":\"net\",\"status\":\"mocked\"}]"}}
[debug] [2022-04-30T07:15:53.083Z] [runtime-status] [27537] Resolved module firebase-functions {"declared":true,"installed":true,"version":"3.20.1","resolution":"/Users/saisaranpathuri/INFO6150/SAMS-grocery/sams/functions/node_modules/firebase-functions/lib/index.js"} {"metadata":{"emulator":{"name":"functions"},"function":{"name":"us-central1-api"},"extension":{},"message":"[runtime-status] [27537] Resolved module firebase-functions {\"declared\":true,\"installed\":true,\"version\":\"3.20.1\",\"resolution\":\"/Users/saisaranpathuri/INFO6150/SAMS-grocery/sams/functions/node_modules/firebase-functions/lib/index.js\"}"}}
[debug] [2022-04-30T07:15:53.130Z] [runtime-status] [27537] Checked functions.config() {"config":{}} {"metadata":{"emulator":{"name":"functions"},"function":{"name":"us-central1-api"},"extension":{},"message":"[runtime-status] [27537] Checked functions.config() {\"config\":{}}"}}
[debug] [2022-04-30T07:15:53.130Z] [runtime-status] [27537] firebase-functions has been stubbed. {"functionsResolution":{"declared":true,"installed":true,"version":"3.20.1","resolution":"/Users/saisaranpathuri/INFO6150/SAMS-grocery/sams/functions/node_modules/firebase-functions/lib/index.js"}} {"metadata":{"emulator":{"name":"functions"},"function":{"name":"us-central1-api"},"extension":{},"message":"[runtime-status] [27537] firebase-functions has been stubbed. {\"functionsResolution\":{\"declared\":true,\"installed\":true,\"version\":\"3.20.1\",\"resolution\":\"/Users/saisaranpathuri/INFO6150/SAMS-grocery/sams/functions/node_modules/firebase-functions/lib/index.js\"}}"}}
[debug] [2022-04-30T07:15:53.130Z] [runtime-status] [27537] Resolved module firebase-functions {"declared":true,"installed":true,"version":"3.20.1","resolution":"/Users/saisaranpathuri/INFO6150/SAMS-grocery/sams/functions/node_modules/firebase-functions/lib/index.js"} {"metadata":{"emulator":{"name":"functions"},"function":{"name":"us-central1-api"},"extension":{},"message":"[runtime-status] [27537] Resolved module firebase-functions {\"declared\":true,\"installed\":true,\"version\":\"3.20.1\",\"resolution\":\"/Users/saisaranpathuri/INFO6150/SAMS-grocery/sams/functions/node_modules/firebase-functions/lib/index.js\"}"}}
[debug] [2022-04-30T07:15:53.131Z] [runtime-status] [27537] Resolved module firebase-admin {"declared":true,"installed":true,"version":"10.1.0","resolution":"/Users/saisaranpathuri/INFO6150/SAMS-grocery/sams/functions/node_modules/firebase-admin/lib/index.js"} {"metadata":{"emulator":{"name":"functions"},"function":{"name":"us-central1-api"},"extension":{},"message":"[runtime-status] [27537] Resolved module firebase-admin {\"declared\":true,\"installed\":true,\"version\":\"10.1.0\",\"resolution\":\"/Users/saisaranpathuri/INFO6150/SAMS-grocery/sams/functions/node_modules/firebase-admin/lib/index.js\"}"}}
[debug] [2022-04-30T07:15:53.131Z] [runtime-status] [27537] Resolved module firebase-functions {"declared":true,"installed":true,"version":"3.20.1","resolution":"/Users/saisaranpathuri/INFO6150/SAMS-grocery/sams/functions/node_modules/firebase-functions/lib/index.js"} {"metadata":{"emulator":{"name":"functions"},"function":{"name":"us-central1-api"},"extension":{},"message":"[runtime-status] [27537] Resolved module firebase-functions {\"declared\":true,\"installed\":true,\"version\":\"3.20.1\",\"resolution\":\"/Users/saisaranpathuri/INFO6150/SAMS-grocery/sams/functions/node_modules/firebase-functions/lib/index.js\"}"}}
[debug] [2022-04-30T07:15:53.131Z] [runtime-status] [27537] firebase-admin has been stubbed. {"adminResolution":{"declared":true,"installed":true,"version":"10.1.0","resolution":"/Users/saisaranpathuri/INFO6150/SAMS-grocery/sams/functions/node_modules/firebase-admin/lib/index.js"}} {"metadata":{"emulator":{"name":"functions"},"function":{"name":"us-central1-api"},"extension":{},"message":"[runtime-status] [27537] firebase-admin has been stubbed. {\"adminResolution\":{\"declared\":true,\"installed\":true,\"version\":\"10.1.0\",\"resolution\":\"/Users/saisaranpathuri/INFO6150/SAMS-grocery/sams/functions/node_modules/firebase-admin/lib/index.js\"}}"}}
[debug] [2022-04-30T07:15:53.205Z] [runtime-status] [27537] Beginning invocation function api! {"metadata":{"emulator":{"name":"functions"},"function":{"name":"us-central1-api"},"extension":{},"message":"[runtime-status] [27537] Beginning invocation function api!"}}
[info] i  functions: Beginning execution of "api" {"metadata":{"emulator":{"name":"functions"},"function":{"name":"us-central1-api"},"extension":{},"message":"Beginning execution of \"api\""}}
[debug] [2022-04-30T07:15:53.205Z] [runtime-status] [27537] Running api in signature http {"metadata":{"emulator":{"name":"functions"},"function":{"name":"us-central1-api"},"extension":{},"message":"[runtime-status] [27537] Running api in signature http"}}
[debug] [2022-04-30T07:15:53.207Z] [runtime-status] [27537] Attempting to listen to socketPath: /var/folders/jg/s0wxwxgs63n7dt1mp7b8rwmm0000gn/T/fire_emu_27537.sock {"metadata":{"emulator":{"name":"functions"},"function":{"name":"us-central1-api"},"extension":{},"message":"[runtime-status] [27537] Attempting to listen to socketPath: /var/folders/jg/s0wxwxgs63n7dt1mp7b8rwmm0000gn/T/fire_emu_27537.sock"}}
[debug] [2022-04-30T07:15:53.211Z] [functions] Runtime ready! Sending request! {"metadata":{"emulator":{"name":"functions"},"message":"[functions] Runtime ready! Sending request!"}}
[debug] [2022-04-30T07:15:53.211Z] [functions] Got req.url=/sams-grocery-3aa2f/us-central1/api/payments/create?total=22654, mapping to path=/payments/create?total=22654 {"metadata":{"emulator":{"name":"functions"},"message":"[functions] Got req.url=/sams-grocery-3aa2f/us-central1/api/payments/create?total=22654, mapping to path=/payments/create?total=22654"}}
[debug] [2022-04-30T07:15:53.215Z] [runtime-status] [27537] Ephemeral server handling POST request {"metadata":{"emulator":{"name":"functions"},"function":{"name":"us-central1-api"},"extension":{},"message":"[runtime-status] [27537] Ephemeral server handling POST request"}}
[info] >  Payment Request Recieved BOOM!!! for this amount >>>  22654 {"user":"Payment Request Recieved BOOM!!! for this amount >>>  22654","metadata":{"emulator":{"name":"functions"},"function":{"name":"us-central1-api"},"extension":{},"message":"\u001b[90m> \u001b[39m Payment Request Recieved BOOM!!! for this amount >>>  22654"}}
[debug] [2022-04-30T07:15:53.228Z] [runtime-status] [27537] Ephemeral server survived. {"metadata":{"emulator":{"name":"functions"},"function":{"name":"us-central1-api"},"extension":{},"message":"[runtime-status] [27537] Ephemeral server survived."}}
[info] i  functions: Finished "api" in ~1s {"metadata":{"emulator":{"name":"functions"},"function":{"name":"us-central1-api"},"extension":{},"message":"Finished \"api\" in ~1s"}}
[debug] [2022-04-30T07:15:53.716Z] [worker-us-central1-api-e9f7444b-6fd9-4673-bd2c-e902c2bc7b39]: IDLE {"metadata":{"emulator":{"name":"functions"},"message":"[worker-us-central1-api-e9f7444b-6fd9-4673-bd2c-e902c2bc7b39]: IDLE"}}
[debug] [2022-04-30T07:15:53.717Z] [work-queue] {"queueLength":0,"workRunningCount":0}
[debug] [2022-04-30T07:16:06.227Z] [work-queue] {"queueLength":1,"workRunningCount":0}
[debug] [2022-04-30T07:16:06.227Z] [work-queue] {"queueLength":0,"workRunningCount":1}
[debug] [2022-04-30T07:16:06.228Z] Accepted request POST /sams-grocery-3aa2f/us-central1/api/payments/create?total=0 --> us-central1-api
[debug] [2022-04-30T07:16:06.228Z] [worker-pool] submitWork(triggerId=us-central1-api) {"metadata":{"emulator":{"name":"functions"},"message":"[worker-pool] submitWork(triggerId=us-central1-api)"}}
[debug] [2022-04-30T07:16:06.228Z] [worker-us-central1-api-e9f7444b-6fd9-4673-bd2c-e902c2bc7b39]: Assigning socketPath: /var/folders/jg/s0wxwxgs63n7dt1mp7b8rwmm0000gn/T/fire_emu_27537.sock {"metadata":{"emulator":{"name":"functions"},"message":"[worker-us-central1-api-e9f7444b-6fd9-4673-bd2c-e902c2bc7b39]: Assigning socketPath: /var/folders/jg/s0wxwxgs63n7dt1mp7b8rwmm0000gn/T/fire_emu_27537.sock"}}
[debug] [2022-04-30T07:16:06.228Z] [worker-us-central1-api-e9f7444b-6fd9-4673-bd2c-e902c2bc7b39]: BUSY {"metadata":{"emulator":{"name":"functions"},"message":"[worker-us-central1-api-e9f7444b-6fd9-4673-bd2c-e902c2bc7b39]: BUSY"}}
[debug] [2022-04-30T07:16:06.229Z] [runtime-status] [27537] Beginning invocation function api! {"metadata":{"emulator":{"name":"functions"},"function":{"name":"us-central1-api"},"extension":{},"message":"[runtime-status] [27537] Beginning invocation function api!"}}
[info] i  functions: Beginning execution of "api" {"metadata":{"emulator":{"name":"functions"},"function":{"name":"us-central1-api"},"extension":{},"message":"Beginning execution of \"api\""}}
[debug] [2022-04-30T07:16:06.230Z] [runtime-status] [27537] Running api in signature http {"metadata":{"emulator":{"name":"functions"},"function":{"name":"us-central1-api"},"extension":{},"message":"[runtime-status] [27537] Running api in signature http"}}
[debug] [2022-04-30T07:16:06.231Z] [runtime-status] [27537] Attempting to listen to socketPath: /var/folders/jg/s0wxwxgs63n7dt1mp7b8rwmm0000gn/T/fire_emu_27537.sock {"metadata":{"emulator":{"name":"functions"},"function":{"name":"us-central1-api"},"extension":{},"message":"[runtime-status] [27537] Attempting to listen to socketPath: /var/folders/jg/s0wxwxgs63n7dt1mp7b8rwmm0000gn/T/fire_emu_27537.sock"}}
[debug] [2022-04-30T07:16:06.234Z] [functions] Runtime ready! Sending request! {"metadata":{"emulator":{"name":"functions"},"message":"[functions] Runtime ready! Sending request!"}}
[debug] [2022-04-30T07:16:06.234Z] [functions] Got req.url=/sams-grocery-3aa2f/us-central1/api/payments/create?total=0, mapping to path=/payments/create?total=0 {"metadata":{"emulator":{"name":"functions"},"message":"[functions] Got req.url=/sams-grocery-3aa2f/us-central1/api/payments/create?total=0, mapping to path=/payments/create?total=0"}}
[debug] [2022-04-30T07:16:06.239Z] [runtime-status] [27537] Ephemeral server handling POST request {"metadata":{"emulator":{"name":"functions"},"function":{"name":"us-central1-api"},"extension":{},"message":"[runtime-status] [27537] Ephemeral server handling POST request"}}
[info] >  Payment Request Recieved BOOM!!! for this amount >>>  0 {"user":"Payment Request Recieved BOOM!!! for this amount >>>  0","metadata":{"emulator":{"name":"functions"},"function":{"name":"us-central1-api"},"extension":{},"message":"\u001b[90m> \u001b[39m Payment Request Recieved BOOM!!! for this amount >>>  0"}}
[debug] [2022-04-30T07:16:06.241Z] [runtime-status] [27537] Ephemeral server survived. {"metadata":{"emulator":{"name":"functions"},"function":{"name":"us-central1-api"},"extension":{},"message":"[runtime-status] [27537] Ephemeral server survived."}}
[info] >  /Users/saisaranpathuri/INFO6150/SAMS-grocery/sams/functions/node_modules/stripe/lib/Error.js:40 {"user":"/Users/saisaranpathuri/INFO6150/SAMS-grocery/sams/functions/node_modules/stripe/lib/Error.js:40","metadata":{"emulator":{"name":"functions"},"function":{"name":"us-central1-api"},"extension":{},"message":"\u001b[90m> \u001b[39m /Users/saisaranpathuri/INFO6150/SAMS-grocery/sams/functions/node_modules/stripe/lib/Error.js:40"}}
[info] >          return new StripeInvalidRequestError(rawStripeError); {"user":"        return new StripeInvalidRequestError(rawStripeError);","metadata":{"emulator":{"name":"functions"},"function":{"name":"us-central1-api"},"extension":{},"message":"\u001b[90m> \u001b[39m         return new StripeInvalidRequestError(rawStripeError);"}}
[info] >                 ^ {"user":"               ^","metadata":{"emulator":{"name":"functions"},"function":{"name":"us-central1-api"},"extension":{},"message":"\u001b[90m> \u001b[39m                ^"}}
[info] >   {"user":"","metadata":{"emulator":{"name":"functions"},"function":{"name":"us-central1-api"},"extension":{},"message":"\u001b[90m> \u001b[39m "}}
[info] >  StripeInvalidRequestError: This value must be greater than or equal to 1. {"user":"StripeInvalidRequestError: This value must be greater than or equal to 1.","metadata":{"emulator":{"name":"functions"},"function":{"name":"us-central1-api"},"extension":{},"message":"\u001b[90m> \u001b[39m StripeInvalidRequestError: This value must be greater than or equal to 1."}}
[info] >      at Function.generate (/Users/saisaranpathuri/INFO6150/SAMS-grocery/sams/functions/node_modules/stripe/lib/Error.js:40:16) {"user":"    at Function.generate (/Users/saisaranpathuri/INFO6150/SAMS-grocery/sams/functions/node_modules/stripe/lib/Error.js:40:16)","metadata":{"emulator":{"name":"functions"},"function":{"name":"us-central1-api"},"extension":{},"message":"\u001b[90m> \u001b[39m     at Function.generate (/Users/saisaranpathuri/INFO6150/SAMS-grocery/sams/functions/node_modules/stripe/lib/Error.js:40:16)"}}
[info] >      at res.toJSON.then.StripeAPIError.message (/Users/saisaranpathuri/INFO6150/SAMS-grocery/sams/functions/node_modules/stripe/lib/StripeResource.js:220:35) {"user":"    at res.toJSON.then.StripeAPIError.message (/Users/saisaranpathuri/INFO6150/SAMS-grocery/sams/functions/node_modules/stripe/lib/StripeResource.js:220:35)","metadata":{"emulator":{"name":"functions"},"function":{"name":"us-central1-api"},"extension":{},"message":"\u001b[90m> \u001b[39m     at res.toJSON.then.StripeAPIError.message (/Users/saisaranpathuri/INFO6150/SAMS-grocery/sams/functions/node_modules/stripe/lib/StripeResource.js:220:35)"}}
[info] >      at processTicksAndRejections (node:internal/process/task_queues:96:5) { {"user":"    at processTicksAndRejections (node:internal/process/task_queues:96:5) {","metadata":{"emulator":{"name":"functions"},"function":{"name":"us-central1-api"},"extension":{},"message":"\u001b[90m> \u001b[39m     at processTicksAndRejections (node:internal/process/task_queues:96:5) {"}}
[info] >    type: 'StripeInvalidRequestError', {"user":"  type: 'StripeInvalidRequestError',","metadata":{"emulator":{"name":"functions"},"function":{"name":"us-central1-api"},"extension":{},"message":"\u001b[90m> \u001b[39m   type: 'StripeInvalidRequestError',"}}
[info] >    raw: { {"user":"  raw: {","metadata":{"emulator":{"name":"functions"},"function":{"name":"us-central1-api"},"extension":{},"message":"\u001b[90m> \u001b[39m   raw: {"}}
[info] >      code: 'parameter_invalid_integer', {"user":"    code: 'parameter_invalid_integer',","metadata":{"emulator":{"name":"functions"},"function":{"name":"us-central1-api"},"extension":{},"message":"\u001b[90m> \u001b[39m     code: 'parameter_invalid_integer',"}}
[info] >      doc_url: 'https://stripe.com/docs/error-codes/parameter-invalid-integer', {"user":"    doc_url: 'https://stripe.com/docs/error-codes/parameter-invalid-integer',","metadata":{"emulator":{"name":"functions"},"function":{"name":"us-central1-api"},"extension":{},"message":"\u001b[90m> \u001b[39m     doc_url: 'https://stripe.com/docs/error-codes/parameter-invalid-integer',"}}
[info] >      message: 'This value must be greater than or equal to 1.', {"user":"    message: 'This value must be greater than or equal to 1.',","metadata":{"emulator":{"name":"functions"},"function":{"name":"us-central1-api"},"extension":{},"message":"\u001b[90m> \u001b[39m     message: 'This value must be greater than or equal to 1.',"}}
[info] >      param: 'amount', {"user":"    param: 'amount',","metadata":{"emulator":{"name":"functions"},"function":{"name":"us-central1-api"},"extension":{},"message":"\u001b[90m> \u001b[39m     param: 'amount',"}}
[info] >      type: 'invalid_request_error', {"user":"    type: 'invalid_request_error',","metadata":{"emulator":{"name":"functions"},"function":{"name":"us-central1-api"},"extension":{},"message":"\u001b[90m> \u001b[39m     type: 'invalid_request_error',"}}
[info] >      headers: { {"user":"    headers: {","metadata":{"emulator":{"name":"functions"},"function":{"name":"us-central1-api"},"extension":{},"message":"\u001b[90m> \u001b[39m     headers: {"}}
[info] >        server: 'nginx', {"user":"      server: 'nginx',","metadata":{"emulator":{"name":"functions"},"function":{"name":"us-central1-api"},"extension":{},"message":"\u001b[90m> \u001b[39m       server: 'nginx',"}}
[info] >        date: 'Sat, 30 Apr 2022 07:16:06 GMT', {"user":"      date: 'Sat, 30 Apr 2022 07:16:06 GMT',","metadata":{"emulator":{"name":"functions"},"function":{"name":"us-central1-api"},"extension":{},"message":"\u001b[90m> \u001b[39m       date: 'Sat, 30 Apr 2022 07:16:06 GMT',"}}
[info] >        'content-type': 'application/json', {"user":"      'content-type': 'application/json',","metadata":{"emulator":{"name":"functions"},"function":{"name":"us-central1-api"},"extension":{},"message":"\u001b[90m> \u001b[39m       'content-type': 'application/json',"}}
[info] >        'content-length': '266', {"user":"      'content-length': '266',","metadata":{"emulator":{"name":"functions"},"function":{"name":"us-central1-api"},"extension":{},"message":"\u001b[90m> \u001b[39m       'content-length': '266',"}}
[info] >        connection: 'keep-alive', {"user":"      connection: 'keep-alive',","metadata":{"emulator":{"name":"functions"},"function":{"name":"us-central1-api"},"extension":{},"message":"\u001b[90m> \u001b[39m       connection: 'keep-alive',"}}
[info] >        'access-control-allow-credentials': 'true', {"user":"      'access-control-allow-credentials': 'true',","metadata":{"emulator":{"name":"functions"},"function":{"name":"us-central1-api"},"extension":{},"message":"\u001b[90m> \u001b[39m       'access-control-allow-credentials': 'true',"}}
[info] >        'access-control-allow-methods': 'GET, POST, HEAD, OPTIONS, DELETE', {"user":"      'access-control-allow-methods': 'GET, POST, HEAD, OPTIONS, DELETE',","metadata":{"emulator":{"name":"functions"},"function":{"name":"us-central1-api"},"extension":{},"message":"\u001b[90m> \u001b[39m       'access-control-allow-methods': 'GET, POST, HEAD, OPTIONS, DELETE',"}}
[info] >        'access-control-allow-origin': '*', {"user":"      'access-control-allow-origin': '*',","metadata":{"emulator":{"name":"functions"},"function":{"name":"us-central1-api"},"extension":{},"message":"\u001b[90m> \u001b[39m       'access-control-allow-origin': '*',"}}
[info] >        'access-control-expose-headers': 'Request-Id, Stripe-Manage-Version, X-Stripe-External-Auth-Required, X-Stripe-Privileged-Session-Required', {"user":"      'access-control-expose-headers': 'Request-Id, Stripe-Manage-Version, X-Stripe-External-Auth-Required, X-Stripe-Privileged-Session-Required',","metadata":{"emulator":{"name":"functions"},"function":{"name":"us-central1-api"},"extension":{},"message":"\u001b[90m> \u001b[39m       'access-control-expose-headers': 'Request-Id, Stripe-Manage-Version, X-Stripe-External-Auth-Required, X-Stripe-Privileged-Session-Required',"}}
[info] >        'access-control-max-age': '300', {"user":"      'access-control-max-age': '300',","metadata":{"emulator":{"name":"functions"},"function":{"name":"us-central1-api"},"extension":{},"message":"\u001b[90m> \u001b[39m       'access-control-max-age': '300',"}}
[info] >        'cache-control': 'no-cache, no-store', {"user":"      'cache-control': 'no-cache, no-store',","metadata":{"emulator":{"name":"functions"},"function":{"name":"us-central1-api"},"extension":{},"message":"\u001b[90m> \u001b[39m       'cache-control': 'no-cache, no-store',"}}
[info] >        'idempotency-key': 'b007be24-37a0-4c52-b2c8-5726a9e7bebf', {"user":"      'idempotency-key': 'b007be24-37a0-4c52-b2c8-5726a9e7bebf',","metadata":{"emulator":{"name":"functions"},"function":{"name":"us-central1-api"},"extension":{},"message":"\u001b[90m> \u001b[39m       'idempotency-key': 'b007be24-37a0-4c52-b2c8-5726a9e7bebf',"}}
[info] >        'original-request': 'req_ZxXDLSWAbbcBTL', {"user":"      'original-request': 'req_ZxXDLSWAbbcBTL',","metadata":{"emulator":{"name":"functions"},"function":{"name":"us-central1-api"},"extension":{},"message":"\u001b[90m> \u001b[39m       'original-request': 'req_ZxXDLSWAbbcBTL',"}}
[info] >        'request-id': 'req_ZxXDLSWAbbcBTL', {"user":"      'request-id': 'req_ZxXDLSWAbbcBTL',","metadata":{"emulator":{"name":"functions"},"function":{"name":"us-central1-api"},"extension":{},"message":"\u001b[90m> \u001b[39m       'request-id': 'req_ZxXDLSWAbbcBTL',"}}
[info] >        'stripe-version': '2020-08-27', {"user":"      'stripe-version': '2020-08-27',","metadata":{"emulator":{"name":"functions"},"function":{"name":"us-central1-api"},"extension":{},"message":"\u001b[90m> \u001b[39m       'stripe-version': '2020-08-27',"}}
[info] >        'strict-transport-security': 'max-age=31556926; includeSubDomains; preload' {"user":"      'strict-transport-security': 'max-age=31556926; includeSubDomains; preload'","metadata":{"emulator":{"name":"functions"},"function":{"name":"us-central1-api"},"extension":{},"message":"\u001b[90m> \u001b[39m       'strict-transport-security': 'max-age=31556926; includeSubDomains; preload'"}}
[info] >      }, {"user":"    },","metadata":{"emulator":{"name":"functions"},"function":{"name":"us-central1-api"},"extension":{},"message":"\u001b[90m> \u001b[39m     },"}}
[info] >      statusCode: 400, {"user":"    statusCode: 400,","metadata":{"emulator":{"name":"functions"},"function":{"name":"us-central1-api"},"extension":{},"message":"\u001b[90m> \u001b[39m     statusCode: 400,"}}
[info] >      requestId: 'req_ZxXDLSWAbbcBTL' {"user":"    requestId: 'req_ZxXDLSWAbbcBTL'","metadata":{"emulator":{"name":"functions"},"function":{"name":"us-central1-api"},"extension":{},"message":"\u001b[90m> \u001b[39m     requestId: 'req_ZxXDLSWAbbcBTL'"}}
[info] >    }, {"user":"  },","metadata":{"emulator":{"name":"functions"},"function":{"name":"us-central1-api"},"extension":{},"message":"\u001b[90m> \u001b[39m   },"}}
[info] >    rawType: 'invalid_request_error', {"user":"  rawType: 'invalid_request_error',","metadata":{"emulator":{"name":"functions"},"function":{"name":"us-central1-api"},"extension":{},"message":"\u001b[90m> \u001b[39m   rawType: 'invalid_request_error',"}}
[info] >    code: 'parameter_invalid_integer', {"user":"  code: 'parameter_invalid_integer',","metadata":{"emulator":{"name":"functions"},"function":{"name":"us-central1-api"},"extension":{},"message":"\u001b[90m> \u001b[39m   code: 'parameter_invalid_integer',"}}
[info] >    doc_url: 'https://stripe.com/docs/error-codes/parameter-invalid-integer', {"user":"  doc_url: 'https://stripe.com/docs/error-codes/parameter-invalid-integer',","metadata":{"emulator":{"name":"functions"},"function":{"name":"us-central1-api"},"extension":{},"message":"\u001b[90m> \u001b[39m   doc_url: 'https://stripe.com/docs/error-codes/parameter-invalid-integer',"}}
[info] >    param: 'amount', {"user":"  param: 'amount',","metadata":{"emulator":{"name":"functions"},"function":{"name":"us-central1-api"},"extension":{},"message":"\u001b[90m> \u001b[39m   param: 'amount',"}}
[info] >    detail: undefined, {"user":"  detail: undefined,","metadata":{"emulator":{"name":"functions"},"function":{"name":"us-central1-api"},"extension":{},"message":"\u001b[90m> \u001b[39m   detail: undefined,"}}
[info] >    headers: { {"user":"  headers: {","metadata":{"emulator":{"name":"functions"},"function":{"name":"us-central1-api"},"extension":{},"message":"\u001b[90m> \u001b[39m   headers: {"}}
[info] >      server: 'nginx', {"user":"    server: 'nginx',","metadata":{"emulator":{"name":"functions"},"function":{"name":"us-central1-api"},"extension":{},"message":"\u001b[90m> \u001b[39m     server: 'nginx',"}}
[info] >      date: 'Sat, 30 Apr 2022 07:16:06 GMT', {"user":"    date: 'Sat, 30 Apr 2022 07:16:06 GMT',","metadata":{"emulator":{"name":"functions"},"function":{"name":"us-central1-api"},"extension":{},"message":"\u001b[90m> \u001b[39m     date: 'Sat, 30 Apr 2022 07:16:06 GMT',"}}
[info] >      'content-type': 'application/json', {"user":"    'content-type': 'application/json',","metadata":{"emulator":{"name":"functions"},"function":{"name":"us-central1-api"},"extension":{},"message":"\u001b[90m> \u001b[39m     'content-type': 'application/json',"}}
[info] >      'content-length': '266', {"user":"    'content-length': '266',","metadata":{"emulator":{"name":"functions"},"function":{"name":"us-central1-api"},"extension":{},"message":"\u001b[90m> \u001b[39m     'content-length': '266',"}}
[info] >      connection: 'keep-alive', {"user":"    connection: 'keep-alive',","metadata":{"emulator":{"name":"functions"},"function":{"name":"us-central1-api"},"extension":{},"message":"\u001b[90m> \u001b[39m     connection: 'keep-alive',"}}
[info] >      'access-control-allow-credentials': 'true', {"user":"    'access-control-allow-credentials': 'true',","metadata":{"emulator":{"name":"functions"},"function":{"name":"us-central1-api"},"extension":{},"message":"\u001b[90m> \u001b[39m     'access-control-allow-credentials': 'true',"}}
[info] >      'access-control-allow-methods': 'GET, POST, HEAD, OPTIONS, DELETE', {"user":"    'access-control-allow-methods': 'GET, POST, HEAD, OPTIONS, DELETE',","metadata":{"emulator":{"name":"functions"},"function":{"name":"us-central1-api"},"extension":{},"message":"\u001b[90m> \u001b[39m     'access-control-allow-methods': 'GET, POST, HEAD, OPTIONS, DELETE',"}}
[info] >      'access-control-allow-origin': '*', {"user":"    'access-control-allow-origin': '*',","metadata":{"emulator":{"name":"functions"},"function":{"name":"us-central1-api"},"extension":{},"message":"\u001b[90m> \u001b[39m     'access-control-allow-origin': '*',"}}
[info] >      'access-control-expose-headers': 'Request-Id, Stripe-Manage-Version, X-Stripe-External-Auth-Required, X-Stripe-Privileged-Session-Required', {"user":"    'access-control-expose-headers': 'Request-Id, Stripe-Manage-Version, X-Stripe-External-Auth-Required, X-Stripe-Privileged-Session-Required',","metadata":{"emulator":{"name":"functions"},"function":{"name":"us-central1-api"},"extension":{},"message":"\u001b[90m> \u001b[39m     'access-control-expose-headers': 'Request-Id, Stripe-Manage-Version, X-Stripe-External-Auth-Required, X-Stripe-Privileged-Session-Required',"}}
[info] >      'access-control-max-age': '300', {"user":"    'access-control-max-age': '300',","metadata":{"emulator":{"name":"functions"},"function":{"name":"us-central1-api"},"extension":{},"message":"\u001b[90m> \u001b[39m     'access-control-max-age': '300',"}}
[info] >      'cache-control': 'no-cache, no-store', {"user":"    'cache-control': 'no-cache, no-store',","metadata":{"emulator":{"name":"functions"},"function":{"name":"us-central1-api"},"extension":{},"message":"\u001b[90m> \u001b[39m     'cache-control': 'no-cache, no-store',"}}
[info] >      'idempotency-key': 'b007be24-37a0-4c52-b2c8-5726a9e7bebf', {"user":"    'idempotency-key': 'b007be24-37a0-4c52-b2c8-5726a9e7bebf',","metadata":{"emulator":{"name":"functions"},"function":{"name":"us-central1-api"},"extension":{},"message":"\u001b[90m> \u001b[39m     'idempotency-key': 'b007be24-37a0-4c52-b2c8-5726a9e7bebf',"}}
[info] >      'original-request': 'req_ZxXDLSWAbbcBTL', {"user":"    'original-request': 'req_ZxXDLSWAbbcBTL',","metadata":{"emulator":{"name":"functions"},"function":{"name":"us-central1-api"},"extension":{},"message":"\u001b[90m> \u001b[39m     'original-request': 'req_ZxXDLSWAbbcBTL',"}}
[info] >      'request-id': 'req_ZxXDLSWAbbcBTL', {"user":"    'request-id': 'req_ZxXDLSWAbbcBTL',","metadata":{"emulator":{"name":"functions"},"function":{"name":"us-central1-api"},"extension":{},"message":"\u001b[90m> \u001b[39m     'request-id': 'req_ZxXDLSWAbbcBTL',"}}
[info] >      'stripe-version': '2020-08-27', {"user":"    'stripe-version': '2020-08-27',","metadata":{"emulator":{"name":"functions"},"function":{"name":"us-central1-api"},"extension":{},"message":"\u001b[90m> \u001b[39m     'stripe-version': '2020-08-27',"}}
[info] >      'strict-transport-security': 'max-age=31556926; includeSubDomains; preload' {"user":"    'strict-transport-security': 'max-age=31556926; includeSubDomains; preload'","metadata":{"emulator":{"name":"functions"},"function":{"name":"us-central1-api"},"extension":{},"message":"\u001b[90m> \u001b[39m     'strict-transport-security': 'max-age=31556926; includeSubDomains; preload'"}}
[info] >    }, {"user":"  },","metadata":{"emulator":{"name":"functions"},"function":{"name":"us-central1-api"},"extension":{},"message":"\u001b[90m> \u001b[39m   },"}}
[info] >    requestId: 'req_ZxXDLSWAbbcBTL', {"user":"  requestId: 'req_ZxXDLSWAbbcBTL',","metadata":{"emulator":{"name":"functions"},"function":{"name":"us-central1-api"},"extension":{},"message":"\u001b[90m> \u001b[39m   requestId: 'req_ZxXDLSWAbbcBTL',"}}
[info] >    statusCode: 400, {"user":"  statusCode: 400,","metadata":{"emulator":{"name":"functions"},"function":{"name":"us-central1-api"},"extension":{},"message":"\u001b[90m> \u001b[39m   statusCode: 400,"}}
[info] >    charge: undefined, {"user":"  charge: undefined,","metadata":{"emulator":{"name":"functions"},"function":{"name":"us-central1-api"},"extension":{},"message":"\u001b[90m> \u001b[39m   charge: undefined,"}}
[info] >    decline_code: undefined, {"user":"  decline_code: undefined,","metadata":{"emulator":{"name":"functions"},"function":{"name":"us-central1-api"},"extension":{},"message":"\u001b[90m> \u001b[39m   decline_code: undefined,"}}
[info] >    payment_intent: undefined, {"user":"  payment_intent: undefined,","metadata":{"emulator":{"name":"functions"},"function":{"name":"us-central1-api"},"extension":{},"message":"\u001b[90m> \u001b[39m   payment_intent: undefined,"}}
[info] >    payment_method: undefined, {"user":"  payment_method: undefined,","metadata":{"emulator":{"name":"functions"},"function":{"name":"us-central1-api"},"extension":{},"message":"\u001b[90m> \u001b[39m   payment_method: undefined,"}}
[info] >    payment_method_type: undefined, {"user":"  payment_method_type: undefined,","metadata":{"emulator":{"name":"functions"},"function":{"name":"us-central1-api"},"extension":{},"message":"\u001b[90m> \u001b[39m   payment_method_type: undefined,"}}
[info] >    setup_intent: undefined, {"user":"  setup_intent: undefined,","metadata":{"emulator":{"name":"functions"},"function":{"name":"us-central1-api"},"extension":{},"message":"\u001b[90m> \u001b[39m   setup_intent: undefined,"}}
[info] >    source: undefined {"user":"  source: undefined","metadata":{"emulator":{"name":"functions"},"function":{"name":"us-central1-api"},"extension":{},"message":"\u001b[90m> \u001b[39m   source: undefined"}}
[info] >  } {"user":"}","metadata":{"emulator":{"name":"functions"},"function":{"name":"us-central1-api"},"extension":{},"message":"\u001b[90m> \u001b[39m }"}}
[debug] [2022-04-30T07:16:06.474Z] [worker-us-central1-api-e9f7444b-6fd9-4673-bd2c-e902c2bc7b39]: exited {"metadata":{"emulator":{"name":"functions"},"message":"[worker-us-central1-api-e9f7444b-6fd9-4673-bd2c-e902c2bc7b39]: exited"}}
[debug] [2022-04-30T07:16:06.474Z] [worker-us-central1-api-e9f7444b-6fd9-4673-bd2c-e902c2bc7b39]: FINISHED {"metadata":{"emulator":{"name":"functions"},"message":"[worker-us-central1-api-e9f7444b-6fd9-4673-bd2c-e902c2bc7b39]: FINISHED"}}
[debug] [2022-04-30T07:16:06.474Z] [work-queue] {"queueLength":0,"workRunningCount":0}
